Temp/gradleOut/launcher/build/intermediates/manifest_merge_blame_file/release/manifest-merger-blame-release-report.txt
1<?xml version="1.0" encoding="utf-8"?>
2<!-- GENERATED BY UNITY. REMOVE THIS COMMENT TO PREVENT OVERWRITING WHEN EXPORTING AGAIN -->
3<manifest xmlns:android="http://schemas.android.com/apk/res/android"
4    package="com.layon.XR_Cardboard"
5    android:installLocation="preferExternal"
6    android:versionCode="1"
7    android:versionName="0.1" >
8
9    <uses-sdk
10        android:minSdkVersion="24"
10-->src/main/AndroidManifest.xml
11        android:targetSdkVersion="28" />
11-->src/main/AndroidManifest.xml
12
13    <supports-screens
13-->src/main/AndroidManifest.xml:4:3-163
14        android:anyDensity="true"
14-->src/main/AndroidManifest.xml:4:135-160
15        android:largeScreens="true"
15-->src/main/AndroidManifest.xml:4:78-105
16        android:normalScreens="true"
16-->src/main/AndroidManifest.xml:4:49-77
17        android:smallScreens="true"
17-->src/main/AndroidManifest.xml:4:21-48
18        android:xlargeScreens="true" />
18-->src/main/AndroidManifest.xml:4:106-134
19
20    <uses-feature
20-->[:unityLibrary] AndroidManifest.xml:13:5-54
21        android:glEsVersion="0x00020000"
21-->[:unityLibrary] AndroidManifest.xml:13:19-51
22        android:required="true" />
22-->[:sdk:] AndroidManifest.xml:13:9-32
23
24    <uses-permission android:name="android.permission.INTERNET" />
24-->[:unityLibrary] AndroidManifest.xml:15:5-67
24-->[:unityLibrary] AndroidManifest.xml:15:22-64
25
26    <uses-feature
26-->[:unityLibrary] AndroidManifest.xml:17:5-19:36
27        android:name="android.hardware.touchscreen"
27-->[:unityLibrary] AndroidManifest.xml:18:9-52
28        android:required="false" />
28-->[:unityLibrary] AndroidManifest.xml:19:9-33
29    <uses-feature
29-->[:unityLibrary] AndroidManifest.xml:20:5-22:36
30        android:name="android.hardware.touchscreen.multitouch"
30-->[:unityLibrary] AndroidManifest.xml:21:9-63
31        android:required="false" />
31-->[:unityLibrary] AndroidManifest.xml:22:9-33
32    <uses-feature
32-->[:unityLibrary] AndroidManifest.xml:23:5-25:36
33        android:name="android.hardware.touchscreen.multitouch.distinct"
33-->[:unityLibrary] AndroidManifest.xml:24:9-72
34        android:required="false" />
34-->[:unityLibrary] AndroidManifest.xml:25:9-33
35
36    <uses-permission android:name="android.permission.CAMERA" />
36-->[:sdk:] AndroidManifest.xml:15:5-65
36-->[:sdk:] AndroidManifest.xml:15:22-62
37    <uses-permission android:name="android.permission.WRITE_EXTERNAL_STORAGE" />
37-->[:sdk:] AndroidManifest.xml:16:5-81
37-->[:sdk:] AndroidManifest.xml:16:22-78
38    <uses-permission android:name="android.permission.NFC" />
38-->[:sdk:] AndroidManifest.xml:18:5-62
38-->[:sdk:] AndroidManifest.xml:18:22-59
39
40    <application
40-->src/main/AndroidManifest.xml:5:3-116
41        android:allowBackup="true"
41-->[:gvr-keyboardsupport-release:] AndroidManifest.xml:12:9-35
42        android:appComponentFactory="android.support.v4.app.CoreComponentFactory"
42-->[com.android.support:support-compat:28.0.0] AndroidManifest.xml:22:18-91
43        android:extractNativeLibs="true"
43-->src/main/AndroidManifest.xml:5:16-48
44        android:icon="@mipmap/app_icon"
44-->src/main/AndroidManifest.xml:5:82-113
45        android:label="@string/app_name"
45-->src/main/AndroidManifest.xml:5:49-81
46        android:supportsRtl="true" >
46-->[:gvr-keyboardsupport-release:] AndroidManifest.xml:14:9-35
47        <activity
47-->[:unityLibrary] AndroidManifest.xml:28:9-47:20
48            android:name="com.unity3d.player.UnityPlayerActivity"
48-->[:unityLibrary] AndroidManifest.xml:29:13-66
49            android:configChanges="mcc|mnc|locale|touchscreen|keyboard|keyboardHidden|navigation|orientation|screenLayout|uiMode|screenSize|smallestScreenSize|fontScale|layoutDirection|density"
49-->[:unityLibrary] AndroidManifest.xml:30:13-194
50            android:hardwareAccelerated="false"
50-->[:unityLibrary] AndroidManifest.xml:31:13-48
51            android:launchMode="singleTask"
51-->[:unityLibrary] AndroidManifest.xml:32:13-44
52            android:screenOrientation="landscape"
52-->[:unityLibrary] AndroidManifest.xml:33:13-50
53            android:theme="@style/UnityThemeSelector" >
53-->[:unityLibrary] AndroidManifest.xml:34:13-54
54            <intent-filter>
54-->[:unityLibrary] AndroidManifest.xml:35:13-39:29
55                <action android:name="android.intent.action.MAIN" />
55-->[:unityLibrary] AndroidManifest.xml:36:17-69
55-->[:unityLibrary] AndroidManifest.xml:36:25-66
56
57                <category android:name="android.intent.category.LAUNCHER" />
57-->[:unityLibrary] AndroidManifest.xml:38:17-77
57-->[:unityLibrary] AndroidManifest.xml:38:27-74
58            </intent-filter>
59
60            <meta-data
60-->[:unityLibrary] AndroidManifest.xml:41:13-43:40
61                android:name="unityplayer.UnityActivity"
61-->[:unityLibrary] AndroidManifest.xml:42:17-57
62                android:value="true" />
62-->[:unityLibrary] AndroidManifest.xml:43:17-37
63            <meta-data
63-->[:unityLibrary] AndroidManifest.xml:44:13-46:40
64                android:name="android.notch_support"
64-->[:unityLibrary] AndroidManifest.xml:45:17-53
65                android:value="true" />
65-->[:unityLibrary] AndroidManifest.xml:46:17-37
66        </activity>
67
68        <meta-data
68-->[:unityLibrary] AndroidManifest.xml:49:9-51:33
69            android:name="unity.splash-mode"
69-->[:unityLibrary] AndroidManifest.xml:50:13-45
70            android:value="0" />
70-->[:unityLibrary] AndroidManifest.xml:51:13-30
71        <meta-data
71-->[:unityLibrary] AndroidManifest.xml:52:9-54:36
72            android:name="unity.splash-enable"
72-->[:unityLibrary] AndroidManifest.xml:53:13-47
73            android:value="True" />
73-->[:unityLibrary] AndroidManifest.xml:54:13-33
74        <meta-data
74-->[:unityLibrary] AndroidManifest.xml:55:9-57:50
75            android:name="notch.config"
75-->[:unityLibrary] AndroidManifest.xml:56:13-40
76            android:value="portrait|landscape" />
76-->[:unityLibrary] AndroidManifest.xml:57:13-47
77        <meta-data
77-->[:unityLibrary] AndroidManifest.xml:58:9-60:68
78            android:name="unity.build-id"
78-->[:unityLibrary] AndroidManifest.xml:59:13-42
79            android:value="6dac04e6-ac5a-4d5a-899c-28181210b299" />
79-->[:unityLibrary] AndroidManifest.xml:60:13-65
80
81        <activity
81-->[com.google.android.gms:play-services-base:15.0.1] AndroidManifest.xml:23:9-26:75
82            android:name="com.google.android.gms.common.api.GoogleApiActivity"
82-->[com.google.android.gms:play-services-base:15.0.1] AndroidManifest.xml:24:13-79
83            android:exported="false"
83-->[com.google.android.gms:play-services-base:15.0.1] AndroidManifest.xml:25:13-37
84            android:theme="@android:style/Theme.Translucent.NoTitleBar" />
84-->[com.google.android.gms:play-services-base:15.0.1] AndroidManifest.xml:26:13-72
85
86        <meta-data
86-->[com.google.android.gms:play-services-basement:15.0.1] AndroidManifest.xml:23:9-25:69
87            android:name="com.google.android.gms.version"
87-->[com.google.android.gms:play-services-basement:15.0.1] AndroidManifest.xml:24:13-58
88            android:value="@integer/google_play_services_version" /> <!-- For enableVrMode use the value vs. the string so Unity can build it. -->
88-->[com.google.android.gms:play-services-basement:15.0.1] AndroidManifest.xml:25:13-66
89        <activity
89-->[:gvr-keyboardsupport-release:] AndroidManifest.xml:17:9-28:20
90            android:name="com.google.gvr.keyboardsupport.TransitionVRActivity"
90-->[:gvr-keyboardsupport-release:] AndroidManifest.xml:18:13-79
91            android:configChanges="density|keyboardHidden|navigation|orientation|screenSize|uiMode"
91-->[:gvr-keyboardsupport-release:] AndroidManifest.xml:19:13-100
92            android:enableVrMode="com.google.vr.vrcore/com.google.vr.vrcore.common.VrCoreListenerService"
92-->[:gvr-keyboardsupport-release:] AndroidManifest.xml:20:13-106
93            android:exported="false"
93-->[:gvr-keyboardsupport-release:] AndroidManifest.xml:21:13-37
94            android:label="@string/app_name"
94-->[:gvr-keyboardsupport-release:] AndroidManifest.xml:22:13-45
95            android:resizeableActivity="false" >
95-->[:gvr-keyboardsupport-release:] AndroidManifest.xml:23:13-47
96            <intent-filter>
96-->[:gvr-keyboardsupport-release:] AndroidManifest.xml:24:13-27:29
97                <category android:name="android.intent.category.LAUNCHER" />
97-->[:unityLibrary] AndroidManifest.xml:38:17-77
97-->[:unityLibrary] AndroidManifest.xml:38:27-74
98                <category android:name="com.google.intent.category.DAYDREAM" />
98-->[:gvr-keyboardsupport-release:] AndroidManifest.xml:26:17-80
98-->[:gvr-keyboardsupport-release:] AndroidManifest.xml:26:27-77
99            </intent-filter>
100        </activity> <!-- For enableVrMode use the value vs. the string so Unity can build it. -->
101        <activity
101-->[:gvr-permissionsupport-release:] AndroidManifest.xml:17:9-27:20
102            android:name="com.google.gvr.permissionsupport.TransitionVRActivity"
102-->[:gvr-permissionsupport-release:] AndroidManifest.xml:18:13-81
103            android:configChanges="density|keyboardHidden|navigation|orientation|screenSize|uiMode"
103-->[:gvr-permissionsupport-release:] AndroidManifest.xml:19:13-100
104            android:enableVrMode="com.google.vr.vrcore/com.google.vr.vrcore.common.VrCoreListenerService"
104-->[:gvr-permissionsupport-release:] AndroidManifest.xml:20:13-106
105            android:exported="false"
105-->[:gvr-permissionsupport-release:] AndroidManifest.xml:21:13-37
106            android:label="@string/app_name" >
106-->[:gvr-permissionsupport-release:] AndroidManifest.xml:22:13-45
107            <intent-filter>
107-->[:gvr-keyboardsupport-release:] AndroidManifest.xml:24:13-27:29
108                <category android:name="android.intent.category.LAUNCHER" />
108-->[:unityLibrary] AndroidManifest.xml:38:17-77
108-->[:unityLibrary] AndroidManifest.xml:38:27-74
109                <category android:name="com.google.intent.category.DAYDREAM" />
109-->[:gvr-keyboardsupport-release:] AndroidManifest.xml:26:17-80
109-->[:gvr-keyboardsupport-release:] AndroidManifest.xml:26:27-77
110            </intent-filter>
111        </activity>
112        <activity
112-->[:sdk:] AndroidManifest.xml:21:9-25:66
113            android:name="com.google.cardboard.sdk.QrCodeCaptureActivity"
113-->[:sdk:] AndroidManifest.xml:22:13-74
114            android:exported="false"
114-->[:sdk:] AndroidManifest.xml:23:13-37
115            android:label="@string/title_activity_qr_code_capture"
115-->[:sdk:] AndroidManifest.xml:24:13-67
116            android:theme="@style/Theme.AppCompat.NoActionBar" />
116-->[:sdk:] AndroidManifest.xml:25:13-63
117        <!--
118          Activity whose sole purpose is to update Cardboard device params when a Cardboard V1
119          NFC tag is detected.
120        -->
121        <activity
121-->[:sdk:] AndroidManifest.xml:31:9-44:20
122            android:name="com.google.cardboard.sdk.HeadsetDetectionActivity"
122-->[:sdk:] AndroidManifest.xml:32:13-77
123            android:exported="true"
123-->[:sdk:] AndroidManifest.xml:33:13-36
124            android:label="@string/headset_detection_activity_title" >
124-->[:sdk:] AndroidManifest.xml:34:13-69
125
126            <!-- Handles the Cardboard V1 NFC tag released at Google I/O 2014. -->
127            <intent-filter>
127-->[:sdk:] AndroidManifest.xml:37:13-43:29
128                <action android:name="android.nfc.action.NDEF_DISCOVERED" />
128-->[:sdk:] AndroidManifest.xml:38:17-77
128-->[:sdk:] AndroidManifest.xml:38:25-74
129
130                <category android:name="android.intent.category.DEFAULT" />
130-->[:sdk:] AndroidManifest.xml:40:17-76
130-->[:sdk:] AndroidManifest.xml:40:27-73
131
132                <data android:scheme="cardboard" />
132-->[:sdk:] AndroidManifest.xml:42:17-52
132-->[:sdk:] AndroidManifest.xml:42:23-49
133            </intent-filter>
134        </activity>
135    </application>
136
137</manifest>